<?xml version="1.0" encoding="UTF-8"?>
<!-- Generated by org.testng.reporters.JUnitReportReporter -->
<testsuite skipped="0" hostname="MD-4XMJXH2" name="com.employeeapi.testcases.TC_001_GetAllEmployees" tests="9" failures="0" timestamp="2020-01-16T09:49:39 IST" time="0.049" errors="0">
  <testcase name="CheckStatusCode" time="0.002" classname="com.employeeapi.testcases.TC_001_GetAllEmployees"/>
  <system-out/>
  <testcase name="CheckCookies" time="0.002" classname="com.employeeapi.testcases.TC_001_GetAllEmployees"/>
  <system-out/>
  <testcase name="CheckContentType" time="0.001" classname="com.employeeapi.testcases.TC_001_GetAllEmployees"/>
  <system-out/>
  <testcase name="CheckStatusLine" time="0.002" classname="com.employeeapi.testcases.TC_001_GetAllEmployees"/>
  <system-out/>
  <testcase name="CheckResponseBody" time="0.031" classname="com.employeeapi.testcases.TC_001_GetAllEmployees"/>
  <system-out/>
  <testcase name="CheckServerType" time="0.001" classname="com.employeeapi.testcases.TC_001_GetAllEmployees"/>
  <system-out/>
  <testcase name="CheckContentEncoding" time="0.005" classname="com.employeeapi.testcases.TC_001_GetAllEmployees"/>
  <system-out/>
  <testcase name="CheckContentLength" time="0.004" classname="com.employeeapi.testcases.TC_001_GetAllEmployees"/>
  <system-out/>
  <testcase name="CheckResponseTime" time="0.001" classname="com.employeeapi.testcases.TC_001_GetAllEmployees"/>
  <system-out/>
</testsuite> <!-- com.employeeapi.testcases.TC_001_GetAllEmployees -->
