<?xml version="1.0" encoding="UTF-8"?>
<!-- Generated by org.testng.reporters.JUnitReportReporter -->
<testsuite skipped="0" hostname="MD-4XMJXH2" name="com.employeeapi.testcases.TC_003_CreateRecord" tests="8" failures="0" timestamp="2020-01-16T09:49:39 IST" time="0.008" errors="0">
  <testcase name="CheckContentLength" time="0.002" classname="com.employeeapi.testcases.TC_003_CreateRecord"/>
  <system-out/>
  <testcase name="CheckResponseTime" time="0.001" classname="com.employeeapi.testcases.TC_003_CreateRecord"/>
  <system-out/>
  <testcase name="CheckContentType" time="0.001" classname="com.employeeapi.testcases.TC_003_CreateRecord"/>
  <system-out/>
  <testcase name="CheckServerType" time="0.001" classname="com.employeeapi.testcases.TC_003_CreateRecord"/>
  <system-out/>
  <testcase name="CheckResponseBody" time="0.001" classname="com.employeeapi.testcases.TC_003_CreateRecord"/>
  <system-out/>
  <testcase name="CheckCookies" time="0.001" classname="com.employeeapi.testcases.TC_003_CreateRecord"/>
  <system-out/>
  <testcase name="CheckStatusLine" time="0.000" classname="com.employeeapi.testcases.TC_003_CreateRecord"/>
  <system-out/>
  <testcase name="CheckStatusCode" time="0.001" classname="com.employeeapi.testcases.TC_003_CreateRecord"/>
  <system-out/>
</testsuite> <!-- com.employeeapi.testcases.TC_003_CreateRecord -->
