<?xml version="1.0" encoding="UTF-8"?>
<!-- Generated by org.testng.reporters.JUnitReportReporter -->
<testsuite skipped="0" hostname="MD-4XMJXH2" name="com.employeeapi.testcases.test_get_singledata" tests="1" failures="0" timestamp="2020-01-15T11:01:12 IST" time="2.505" errors="0">
  <testcase name="getData" time="2.505" classname="com.employeeapi.testcases.test_get_singledata"/>
  <system-out/>
</testsuite> <!-- com.employeeapi.testcases.test_get_singledata -->
